Build started 6/30/2020 9:38:18 AM.
     1>Project "C:\Users\user\Desktop\DSAlab temp\Project\cs182019_Final_Project\Code Files\cs182019_Project\cs182019_Project\cs182019_Project.vcxproj" on node 2 (build target(s)).
     1>InitializeBuildStatus:
         Creating "Debug\cs182019_Project.unsuccessfulbuild" because "AlwaysCreate" was specified.
       ClCompile:
         All outputs are up-to-date.
         c:\Program Files (x86)\Microsoft Visual Studio 10.0\VC\bin\CL.exe /c /ZI /nologo /W3 /WX- /Od /Oy- /D WIN32 /D _DEBUG /D _CONSOLE /D _UNICODE /D UNICODE /Gm /EHsc /RTC1 /MDd /GS /fp:precise /Zc:wchar_t /Zc:forScope /Yu"StdAfx.h" /Fp"Debug\cs182019_Project.pch" /Fo"Debug\\" /Fd"Debug\vc100.pdb" /Gd /TP /analyze- /errorReport:prompt cs182019_Project.cpp
         cs182019_Project.cpp
       ManifestResourceCompile:
         All outputs are up-to-date.
       Link:
         c:\Program Files (x86)\Microsoft Visual Studio 10.0\VC\bin\link.exe /ERRORREPORT:PROMPT /OUT:"C:\Users\user\Desktop\DSAlab temp\Project\cs182019_Final_Project\Code Files\cs182019_Project\Debug\cs182019_Project.exe" /INCREMENTAL /NOLOGO kernel32.lib user32.lib gdi32.lib winspool.lib comdlg32.lib advapi32.lib shell32.lib ole32.lib oleaut32.lib uuid.lib odbc32.lib odbccp32.lib /MANIFEST /ManifestFile:"Debug\cs182019_Project.exe.intermediate.manifest" /MANIFESTUAC:"level='asInvoker' uiAccess='false'" /DEBUG /PDB:"C:\Users\user\Desktop\DSAlab temp\Project\cs182019_Final_Project\Code Files\cs182019_Project\Debug\cs182019_Project.pdb" /SUBSYSTEM:CONSOLE /TLBID:1 /DYNAMICBASE /NXCOMPAT /IMPLIB:"C:\Users\user\Desktop\DSAlab temp\Project\cs182019_Final_Project\Code Files\cs182019_Project\Debug\cs182019_Project.lib" /MACHINE:X86 Debug\cs182019_Project.exe.embed.manifest.res
         Debug\cs182019_Project.obj
         Debug\DoublyLinkList_doubleEnded.obj
         Debug\SentinalSearch.obj
         Debug\stdafx.obj
       Manifest:
         c:\Program Files (x86)\Microsoft SDKs\Windows\v7.0A\bin\mt.exe /nologo /verbose /out:"Debug\cs182019_Project.exe.embed.manifest" /manifest Debug\cs182019_Project.exe.intermediate.manifest
         All outputs are up-to-date.
       LinkEmbedManifest:
         All outputs are up-to-date.
         cs182019_Project.vcxproj -> C:\Users\user\Desktop\DSAlab temp\Project\cs182019_Final_Project\Code Files\cs182019_Project\Debug\cs182019_Project.exe
       FinalizeBuildStatus:
         Deleting file "Debug\cs182019_Project.unsuccessfulbuild".
         Touching "Debug\cs182019_Project.lastbuildstate".
     1>Done Building Project "C:\Users\user\Desktop\DSAlab temp\Project\cs182019_Final_Project\Code Files\cs182019_Project\cs182019_Project\cs182019_Project.vcxproj" (build target(s)).

Build succeeded.

Time Elapsed 00:00:03.56
